<?xml version="1.0" encoding="UTF-8"?>
<!-- Generated by org.testng.reporters.JUnitXMLReporter -->
<testsuite ignored="0" hostname="DESKTOP-AOMEI0O" failures="0" tests="4" name="Test" time="96.659" errors="0" timestamp="12 Apr 2021 06:38:36 GMT">
  <testcase classname="com.team.findinghospital.qa.testcases.LandingPageTest" name="cityTest" time="13.765"/>
  <testcase classname="com.team.findinghospital.qa.testcases.SearchFiltersTest" name="cityTest" time="37.639"/>
  <testcase classname="com.team.findinghospital.qa.testcases.DiagnosticPageTest" name="cityTest" time="6.906"/>
  <testcase classname="com.team.findinghospital.qa.testcases.CorporateWellnessPageTest" name="scheduleDemo" time="3.096"/>
</testsuite> <!-- Test -->
